Retrieving project…
Deploying donovan-bergsmas-projects/gumtree-mvp-lockdown
Uploading [--------------------] (0.0B/79B)
Uploading [====================] (79.0B/79B)
Inspect: https://vercel.com/donovan-bergsmas-projects/gumtree-mvp-lockdown/6Uohfg633Cx1PqM2o6JeyWep3hwS [2s]
Production: https://gumtree-mvp-lockdown-pd15d8hap-donovan-bergsmas-projects.vercel.app [2s]
https://gumtree-mvp-lockdown-pd15d8hap-donovan-bergsmas-projects.vercel.appBuilding...
Building...
Building: Running build in Washington, D.C., USA (East) – iad1
Building: Build machine configuration: 2 cores, 8 GB
Building: Retrieving list of deployment files...
Building: Skipping build cache, deployment was triggered without cache.
Building: Downloading 14 deployment files...
Building: Running "vercel build"
Building: Vercel CLI 50.23.2
Building: Installing dependencies...
Building: added 107 packages in 8s
Building: 29 packages are looking for funding
Building: run `npm fund` for details
Building: Detected Next.js version: 16.1.6
Building: Running "npm run build"
Building: > gumtree-mvp-lockdown@1.0.0 build
Building: > next build
Building: Attention: Next.js now collects completely anonymous telemetry regarding usage.
Building: This information is used to shape Next.js' roadmap and prioritize features.
Building: You can learn more, including how to opt-out if you'd not like to participate in this anonymous program, by visiting the following URL:
Building: https://nextjs.org/telemetry
Building: ▲ Next.js 16.1.6 (Turbopack)
Building: Creating an optimized production build ...
Building: ✓ Compiled successfully in 3.9s
Building: Running TypeScript ...
Building: Collecting page data using 1 worker ...
Building: Generating static pages using 1 worker (0/3) ...
Building: ✓ Generating static pages using 1 worker (3/3) in 87.6ms
Building: Finalizing page optimization ...
Building: Route (app)
Building: ┌ ○ /
Building: └ ○ /_not-found
Building: ○  (Static)  prerendered as static content
Building: Traced Next.js server files in: 33.955ms
Building: Created all serverless functions in: 99.388ms
Building: Collected static files (public/, static/, .next/static): 2.257ms
Building: Build Completed in /vercel/output [18s]
Building: Deploying outputs...
Building: Deployment completed
Building: Creating build cache...
[2K[1A[2K[GProduction: https://gumtree-mvp-lockdown-pd15d8hap-donovan-bergsmas-projects.vercel.app [34s]
Completing...
Aliased: https://gumtree-mvp-lockdown.vercel.app [34s]
